2022-07-28 14:47:56,423. INFO: GBM Bursts Catalog: /home/gabriele/Documents/fermiGBM/light-curve-GBM-sampler/GBM_burst_archive/GBM_bursts_flnc_band.fits
2022-07-28 14:47:56,424. INFO: Number of GRBs in the catalog: 2309.
2022-07-28 14:47:56,424. INFO: Set Random seed: 0.
2022-07-28 14:47:56,424. INFO: Transient GRB170131969 was randomly chosen.

2022-07-28 14:47:56,424. INFO: Galactic latitude and longitude in deg. l=109.68738061, b=4.41405297.
2022-07-28 14:47:56,424. INFO: Spectral model: band. Type: flnc.
2022-07-28 14:47:56,424. INFO: flnc_band_ampl : 0.0046723643 1 / (cm2 keV s)
2022-07-28 14:47:56,424. INFO: flnc_band_epeak: 209.62816 keV
2022-07-28 14:47:56,424. INFO: flnc_band_alpha: -1.4265831
2022-07-28 14:47:56,424. INFO: flnc_band_beta : -2.9323575
2022-07-28 14:47:56,425. INFO: flnc_band_epiv : 100.0 keV
2022-07-28 14:47:56,425. INFO: flnc_band_phtflux : 2.0027208 1 / (cm2 s)
2022-07-28 14:47:56,425. INFO: Polarization amplitude: 0.2697867137638703
2022-07-28 14:47:56,425. INFO: Polarization phase: 7.375234308515044
2022-07-28 14:47:56,425. INFO: Highest flux recorded in catalog at [15.872 s] from trigger time.
2022-07-28 14:47:56,426. INFO: GBM t90 =23.0404 s.
2022-07-28 14:47:56,426. INFO: Gaussian Pulse sigma=7.003784294989963 s.
2022-07-28 14:47:56,427. INFO: Evaluate 200 time points in [-3.072 s,23.552 s]. Step = 0.13312 s.
2022-07-28 14:47:56,428. INFO: Print Gaussian Light Curve: /home/gabriele/Documents/fermiGBM/light-curve-GBM-sampler/Output/LightCurves/GRB170131969_gauss.dat
2022-07-28 14:47:56,431. INFO: ===============Get the Empirical GBM Light Curve
2022-07-28 14:47:56,431. INFO: List of detectors used by the GBM analysis: ['n0', 'n1', 'n3', 'b0']
2022-07-28 14:47:56,431. INFO: Connect to Database...
2022-07-28 14:47:56,479. INFO: Selecting time range: (-110.0, 135.0) s, binning 0.13312 s.
2022-07-28 14:47:56,632. INFO: Det: n3 | Energy: (4.233729, 2000.0) keV | Time: (-110.09024, 135.11679999999998) s
2022-07-28 14:47:56,632. INFO: Det: n0 | Energy: (4.525152, 2000.0) keV | Time: (-110.09024, 135.11679999999998) s
2022-07-28 14:47:56,632. INFO: Det: n1 | Energy: (4.062647, 2000.0) keV | Time: (-110.09024, 135.11679999999998) s
2022-07-28 14:47:56,632. INFO: Det: b0 | Energy: (113.24812, 50000.0) keV | Time: (-110.09024, 135.11679999999998) s
2022-07-28 14:47:56,636. INFO: Fit Background in [(-110.0, -5.83), (24.17, 135.0)] s.
2022-07-28 14:47:58,642. INFO: Interpolate over source time range...
2022-07-28 14:48:01,033. INFO: Print Empirical Light Curve: /home/gabriele/Documents/fermiGBM/light-curve-GBM-sampler/Output/LightCurves/GRB170131969_n0.dat
2022-07-28 14:48:01,034. INFO: Print Empirical Light Curve: /home/gabriele/Documents/fermiGBM/light-curve-GBM-sampler/Output/LightCurves/GRB170131969_n1.dat
2022-07-28 14:48:01,035. INFO: Print Empirical Light Curve: /home/gabriele/Documents/fermiGBM/light-curve-GBM-sampler/Output/LightCurves/GRB170131969_n3.dat
2022-07-28 14:48:01,036. INFO: Print Empirical Light Curve: /home/gabriele/Documents/fermiGBM/light-curve-GBM-sampler/Output/LightCurves/GRB170131969_b0.dat
2022-07-28 14:48:01,037. INFO: Delete temporary GBM files and directory
2022-07-28 14:48:01,037. INFO: ===============Curve retrieved===============
2022-07-28 14:48:01,037. INFO: Write Source file: /home/gabriele/Documents/fermiGBM/light-curve-GBM-sampler/Output/Sources/GRB170131969.source
2022-07-28 14:48:01,038. INFO: Total execution time: 7.795 s.
